---------------------------------
Quando foi aberto: 10-12-2020 pelas 00:58 
---------------------------------
00:58:08		$clear
---------------------------------
00:58:19		$cd
---------------------------------
00:58:24		$ls
---------------------------------
00:58:31		$ps
---------------------------------
00:58:40		$ps -aux
---------------------------------
00:58:54		$ps -aux | grep "k"
---------------------------------
00:59:00		$clear
---------------------------------
Quando foi fechado: 10-12-2020 pelas 00:59 
---------------------------------
Quando foi aberto: 10-12-2020 pelas 09:26 
---------------------------------
09:26:47		$ls
---------------------------------
Quando foi fechado: 10-12-2020 pelas 09:29 
---------------------------------
Quando foi aberto: 10-12-2020 pelas 09:30 
---------------------------------
09:30:44		$ls
---------------------------------
09:30:53		$grep
---------------------------------
09:30:59		$grep -i
---------------------------------
09:31:22		$grep -i "a"
---------------------------------
Quando foi fechado: 10-12-2020 pelas 09:31 
